0 info it worked if it ends with ok
1 verbose cli [ '/Users/kevindoole/.nvm/versions/node/v6.9.2/bin/node',
1 verbose cli   '/Users/kevindoole/.nvm/versions/node/v6.9.2/bin/npm',
1 verbose cli   'publish' ]
2 info using npm@3.10.9
3 info using node@v6.9.2
4 verbose publish [ '.' ]
5 silly cache add args [ '.', null ]
6 verbose cache add spec .
7 silly cache add parsed spec Result {
7 silly cache add   raw: '.',
7 silly cache add   scope: null,
7 silly cache add   escapedName: null,
7 silly cache add   name: null,
7 silly cache add   rawSpec: '.',
7 silly cache add   spec: '/Users/kevindoole/code/mocha-given',
7 silly cache add   type: 'directory' }
8 verbose addLocalDirectory /Users/kevindoole/.npm/fredastaire/0.0.1/package.tgz not in flight; packing
9 verbose correctMkdir /Users/kevindoole/.npm correctMkdir not in flight; initializing
10 info lifecycle fredastaire@0.0.1~prepublish: fredastaire@0.0.1
11 silly lifecycle fredastaire@0.0.1~prepublish: no script for prepublish, continuing
12 verbose tar pack [ '/Users/kevindoole/.npm/fredastaire/0.0.1/package.tgz',
12 verbose tar pack   '/Users/kevindoole/code/mocha-given' ]
13 verbose tarball /Users/kevindoole/.npm/fredastaire/0.0.1/package.tgz
14 verbose folder /Users/kevindoole/code/mocha-given
15 verbose addLocalTarball adding from inside cache /Users/kevindoole/.npm/fredastaire/0.0.1/package.tgz
16 verbose correctMkdir /Users/kevindoole/.npm correctMkdir not in flight; initializing
17 silly cache afterAdd fredastaire@0.0.1
18 verbose afterAdd /Users/kevindoole/.npm/fredastaire/0.0.1/package/package.json not in flight; writing
19 verbose correctMkdir /Users/kevindoole/.npm correctMkdir not in flight; initializing
20 verbose afterAdd /Users/kevindoole/.npm/fredastaire/0.0.1/package/package.json written
21 silly publish { name: 'fredastaire',
21 silly publish   version: '0.0.1',
21 silly publish   description: 'fredastaire adds chainable step methods (given, when, and), which make it easy to write readable and reusable setup steps for mocha tests.',
21 silly publish   main: 'index.js',
21 silly publish   scripts: { test: 'echo "Error: no test specified" && exit 1' },
21 silly publish   repository:
21 silly publish    { type: 'git',
21 silly publish      url: 'git+https://github.com/kevindoole/fredastaire.git' },
21 silly publish   keywords: [ 'mocha', 'test', 'shared', 'setup', 'scenario', 'tdd', 'bdd' ],
21 silly publish   author: { name: 'Kevin Doole' },
21 silly publish   license: 'ISC',
21 silly publish   bugs: { url: 'https://github.com/kevindoole/fredastaire/issues' },
21 silly publish   homepage: 'https://github.com/kevindoole/fredastaire#readme',
21 silly publish   devDependencies: { mocha: '', minimist: '', colors: '' },
21 silly publish   readme: '# mocha-given\nMocha-given adds a `given` method to mocha tests. It has two impacts:\n- Your test cases\' setup code is significantly more readable\n- You only have to write the same setup steps once\n\n_Example_\n`given(name, {within, withArgs, ...whateverYouWantToPassToTheDefinition})`\n\n## Setup\n0. `npm install mocha-given --save-dev`\n1. Make your step definitions file wherever you like.\n2. Write some tests that use `given`\n3. Run your tests with the appropriate options:\n  `mocha ./tests/some-tests.js --ui mocha-given --setupDefinitions ./tests/wherever/step-definitions.js`\n\n## Usage\nYou need two things: mocha tests that call `given` and some step definitions.\n\n### 1. Tests\nJust call `given(\'with some string\')`. The string will be used to identify which step definition to call (more on that later).\n\nThere\'s also `when` and `and`, which are aliases of `given`.\n\nCalls to `given` return the mocha-given module, so you can chain calls together into wonderful poems.\n\nTODO: Add given, when, and to the test output.\n\n_/your/project/tests/astronauts-test.js_\n```JavaScript\nconst state = {\n\tspaceThings: [],\n};\n\nlet res;\n\ndescribe(\'Interesting space apparatus\', function() {\n\tgiven(\'there are two spacethings\', {within: state.spaceThings});\n\t// Calls steps[\'there are two spacethings\']().\n\n\twhen(\'i request a space thing\', {\n\t\tid: state.spaceThings[0].id,\n\t\twithin: res,\n\t});\n\t// "when" is an alias of given. So is "and".\n\n\tit(\'should give me one space thing\', function() {\n\t  expect(res.body.spacething).to.not.be.null;\n\t  expect(res.body.spacething.id).to.equal(this.spacethings[0].id);\n\t});\n});\n```\n\n### 2. Step definitions\nStep definitions are the places where you put your setup code for individual tests.\n\n_/your/project/wherever/you/like/your-definitions.js_\n```\nmodule.exports = {\n  \'there are two space things\': function() {\n    SpaceThings.create({idunno: \'stuff\'});\n    SpaceThings.create({idunno: \'more stuff\'});\n  },\n\n  \'there is one astronaut\': function() {\n    return SpaceAstronaut.create();\n  },\n\n  \'one space thing is requested\': function({id, container}) {\n    return request.get(\'/space-things/\' + id)\n    .then(response => container = response);\n  }\n};\n```\n',
21 silly publish   readmeFilename: 'README.md',
21 silly publish   gitHead: '791b76c8455f82b05337b15b3de63661551dc520',
21 silly publish   _id: 'fredastaire@0.0.1',
21 silly publish   _shasum: 'a1d2bf9504eae52c00f8aff1c6ebc4d7d28157ab',
21 silly publish   _from: '.' }
22 verbose getPublishConfig undefined
23 silly mapToRegistry name fredastaire
24 silly mapToRegistry using default registry
25 silly mapToRegistry registry https://registry.npmjs.org/
26 silly mapToRegistry data Result {
26 silly mapToRegistry   raw: 'fredastaire',
26 silly mapToRegistry   scope: null,
26 silly mapToRegistry   escapedName: 'fredastaire',
26 silly mapToRegistry   name: 'fredastaire',
26 silly mapToRegistry   rawSpec: '',
26 silly mapToRegistry   spec: 'latest',
26 silly mapToRegistry   type: 'tag' }
27 silly mapToRegistry uri https://registry.npmjs.org/fredastaire
28 verbose publish registryBase https://registry.npmjs.org/
29 silly publish uploading /Users/kevindoole/.npm/fredastaire/0.0.1/package.tgz
30 verbose request uri https://registry.npmjs.org/fredastaire
31 verbose request sending authorization for write operation
32 info attempt registry request try #1 at 11:25:31 AM
33 verbose request using bearer token for auth
34 verbose request id 1980a8af1c13be6b
35 http request PUT https://registry.npmjs.org/fredastaire
36 http 403 https://registry.npmjs.org/fredastaire
37 verbose headers { 'content-type': 'application/json',
37 verbose headers   'cache-control': 'max-age=300',
37 verbose headers   'content-length': '95',
37 verbose headers   'accept-ranges': 'bytes',
37 verbose headers   date: 'Mon, 26 Jun 2017 16:25:33 GMT',
37 verbose headers   via: '1.1 varnish',
37 verbose headers   connection: 'keep-alive',
37 verbose headers   'x-served-by': 'cache-ord1730-ORD',
37 verbose headers   'x-cache': 'MISS',
37 verbose headers   'x-cache-hits': '0',
37 verbose headers   'x-timer': 'S1498494333.324175,VS0,VE570',
37 verbose headers   vary: 'Accept-Encoding' }
38 verbose request invalidating /Users/kevindoole/.npm/registry.npmjs.org/fredastaire on PUT
39 error publish Failed PUT 403
40 verbose stack Error: "You cannot publish over the previously published version 0.0.1." : fredastaire
40 verbose stack     at makeError (/Users/kevindoole/.nvm/versions/node/v6.9.2/lib/node_modules/npm/node_modules/npm-registry-client/lib/request.js:302:12)
40 verbose stack     at CachingRegistryClient.<anonymous> (/Users/kevindoole/.nvm/versions/node/v6.9.2/lib/node_modules/npm/node_modules/npm-registry-client/lib/request.js:290:14)
40 verbose stack     at Request._callback (/Users/kevindoole/.nvm/versions/node/v6.9.2/lib/node_modules/npm/node_modules/npm-registry-client/lib/request.js:210:14)
40 verbose stack     at Request.self.callback (/Users/kevindoole/.nvm/versions/node/v6.9.2/lib/node_modules/npm/node_modules/request/request.js:187:22)
40 verbose stack     at emitTwo (events.js:106:13)
40 verbose stack     at Request.emit (events.js:191:7)
40 verbose stack     at Request.<anonymous> (/Users/kevindoole/.nvm/versions/node/v6.9.2/lib/node_modules/npm/node_modules/request/request.js:1048:10)
40 verbose stack     at emitOne (events.js:96:13)
40 verbose stack     at Request.emit (events.js:188:7)
40 verbose stack     at IncomingMessage.<anonymous> (/Users/kevindoole/.nvm/versions/node/v6.9.2/lib/node_modules/npm/node_modules/request/request.js:969:12)
41 verbose statusCode 403
42 verbose pkgid fredastaire
43 verbose cwd /Users/kevindoole/code/mocha-given
44 error Darwin 16.6.0
45 error argv "/Users/kevindoole/.nvm/versions/node/v6.9.2/bin/node" "/Users/kevindoole/.nvm/versions/node/v6.9.2/bin/npm" "publish"
46 error node v6.9.2
47 error npm  v3.10.9
48 error code E403
49 error "You cannot publish over the previously published version 0.0.1." : fredastaire
50 error If you need help, you may report this error at:
50 error     <https://github.com/npm/npm/issues>
51 verbose exit [ 1, true ]
